<?xml version="1.0" encoding="UTF-8"?>
<!-- Generated by org.testng.reporters.JUnitXMLReporter -->
<testsuite hostname="ICT-OS-HUONGHTT" ignored="0" name="QLHoGDTest2" tests="11" failures="0" timestamp="16 Aug 2017 10:25:38 GMT" time="72.274" errors="0">
  <testcase name="kiemTraChucNangNutDong" time="6.421" classname="quanlyhogiadinh.HoKhauThemMoiTest"/>
  <testcase name="kiemTraNutTaoMoiHoKhauKhongChoClick" time="2.843" classname="quanlyhogiadinh.HoKhauThemMoiTest"/>
  <testcase name="kiemTraThongBaoKhiClickNutLuuKhiChuaChonChuHo" time="0.541" classname="quanlyhogiadinh.HoKhauThemMoiTest"/>
  <testcase name="kiemTraThongBaoKhiChonNKLaChuHoCuaHoKhac" time="9.961" classname="quanlyhogiadinh.HoKhauThemMoiTest"/>
  <testcase name="kiemTraThongBaoKhiChonNKDangCoQHVoiHoKhacLamChuHo" time="5.014" classname="quanlyhogiadinh.HoKhauThemMoiTest"/>
  <testcase name="kiemTraThongBaoKhiBoTrongDiaChiCuaChuHo" time="9.387" classname="quanlyhogiadinh.HoKhauThemMoiTest"/>
  <testcase name="themHKVoiNKChuaLamChuHo" time="9.721" classname="quanlyhogiadinh.HoKhauThemMoiTest"/>
  <testcase name="kiemTraClickNutTaoMoiHoKhauSangMHThemMoiHoKhau" time="4.513" classname="quanlyhogiadinh.HoKhauThemMoiTest"/>
  <testcase name="KiemTraClickNutXemChiTietVaoManHinhXemChiTiet" time="1.862" classname="quanlyhogiadinh.HoKhauThemMoiTest"/>
  <testcase name="KiemTraThongBaoKhiClickNutXoaHoKhau" time="1.892" classname="quanlyhogiadinh.HoKhauThemMoiTest"/>
  <testcase name="KiemTraClickNutSuaHoKhauVaoMHSuaHoKhau" time="3.624" classname="quanlyhogiadinh.HoKhauThemMoiTest"/>
</testsuite> <!-- QLHoGDTest2 -->
