<?xml version="1.0" encoding="UTF-8"?>
<!-- Generated by org.testng.reporters.JUnitXMLReporter -->
<testsuite hostname="ICT-OS-HUONGHTT" ignored="0" name="QLHoGDTest3" tests="14" failures="3" timestamp="16 Aug 2017 10:27:53 GMT" time="134.982" errors="0">
  <testcase name="kiemTraThongBaoKhiBoTrongThongTin" time="4.172" classname="quanlyhogiadinh.NKThemVaoHK1Test"/>
  <testcase name="kiemTraThongBaoKhiBoTrongNhanKhau" time="5.948" classname="quanlyhogiadinh.NKThemVaoHK1Test"/>
  <testcase name="kiemTraMauKhungKhiBoTrongQHVoiChuHo" time="6.421" classname="quanlyhogiadinh.NKThemVaoHK1Test"/>
  <testcase name="kiemTraThongBaoKhiKhongChonQHVoiChuHo" time="3.995" classname="quanlyhogiadinh.NKThemVaoHK1Test">
    <failure type="java.lang.AssertionError" message="expected [Bạn chưa chọn quan hệ với chủ hộ!] but found [Bạn chưa chọn nhân khẩu!]">
      <![CDATA[java.lang.AssertionError: expected [Bạn chưa chọn quan hệ với chủ hộ!] but found [Bạn chưa chọn nhân khẩu!]
	at quanlyhogiadinh.NKThemVaoHK1.kiemTraThongBaoKhiKhongChonQHVoiChuHo(NKThemVaoHK1.java:73)
	at quanlyhogiadinh.NKThemVaoHK1Test.kiemTraThongBaoKhiKhongChonQHVoiChuHo(NKThemVaoHK1Test.java:44)
... Removed 31 stack frames]]>
    </failure>
  </testcase> <!-- kiemTraThongBaoKhiKhongChonQHVoiChuHo -->
  <testcase name="kiemTraThongBaoKhiNKDangLaChuHoCuaHoKhac" time="8.497" classname="quanlyhogiadinh.NKThemVaoHK1Test">
    <failure type="java.lang.AssertionError" message="expected [Nhân khẩu này đang là chủ của hộ khác. Bạn không được phép chọn!] but found []">
      <![CDATA[java.lang.AssertionError: expected [Nhân khẩu này đang là chủ của hộ khác. Bạn không được phép chọn!] but found []
	at quanlyhogiadinh.NKThemVaoHK1.kiemTraThongBaoKhiNKDangLaChuHoCuaHoKhac(NKThemVaoHK1.java:90)
	at quanlyhogiadinh.NKThemVaoHK1Test.kiemTraThongBaoKhiNKDangLaChuHoCuaHoKhac(NKThemVaoHK1Test.java:51)
... Removed 31 stack frames]]>
    </failure>
  </testcase> <!-- kiemTraThongBaoKhiNKDangLaChuHoCuaHoKhac -->
  <testcase name="themNKVaoHKKhiDangLaThanhVienCuaHoKhac" time="13.937" classname="quanlyhogiadinh.NKThemVaoHK1Test"/>
  <testcase name="themNKVaoHKKhiChuaLaThanhVienCuaHoKhac" time="37.665" classname="quanlyhogiadinh.NKThemVaoHK1Test"/>
  <testcase name="kiemTraThongBaoKhiNKDaTonTaiTrongHK" time="11.809" classname="quanlyhogiadinh.NKThemVaoHK1Test"/>
  <testcase name="kiemTraKhiClickNutSuaNKDangLaChuHoKhongChoPhepSua" time="1.04" classname="quanlyhogiadinh.NKThemVaoHK1Test"/>
  <testcase name="kiemTraKhiClickNutXoaNKDangLaChuHoKhongChoPhepXoa" time="0.618" classname="quanlyhogiadinh.NKThemVaoHK1Test"/>
  <testcase name="kiemTraThongBaoKhiClickNutSuaNKKhongLaChuHo" time="1.671" classname="quanlyhogiadinh.NKThemVaoHK1Test">
    <failure type="java.lang.AssertionError" message="expected [Bạn đã thêm nhân khẩu vào hộ khẩu thành công!] but found []">
      <![CDATA[java.lang.AssertionError: expected [Bạn đã thêm nhân khẩu vào hộ khẩu thành công!] but found []
	at quanlyhogiadinh.NKThemVaoHK1.kiemTraThongBaoKhiClickNutSuaNKKhongLaChuHo(NKThemVaoHK1.java:218)
	at quanlyhogiadinh.NKThemVaoHK1Test.kiemTraThongBaoKhiClickNutSuaNKKhongLaChuHo(NKThemVaoHK1Test.java:81)
... Removed 31 stack frames]]>
    </failure>
  </testcase> <!-- kiemTraThongBaoKhiClickNutSuaNKKhongLaChuHo -->
  <testcase name="kiemTraThongBaoKhiClickNutXoaNKKhongLaChuHo" time="6.23" classname="quanlyhogiadinh.NKThemVaoHK1Test"/>
  <testcase name="kiemTraThongBaoClickNutLuuKhiDuLieuKhongDoi" time="5.386" classname="quanlyhogiadinh.NKThemVaoHK1Test"/>
  <testcase name="kiemTraClickNutDongMHSuaSangMHQLyHK" time="6.348" classname="quanlyhogiadinh.NKThemVaoHK1Test"/>
</testsuite> <!-- QLHoGDTest3 -->
