<?xml version="1.0" encoding="UTF-8"?>
<!-- Generated by org.testng.reporters.JUnitXMLReporter -->
<testsuite hostname="ICT-OS-HUONGHTT" ignored="0" name="QLHSSKTest2" tests="17" failures="0" timestamp="16 Aug 2017 10:30:25 GMT" time="26.869" errors="0">
  <testcase name="@BeforeClass beforeClass" time="26.156" classname="quanlyhososuckhoe.LichSuKCBTest">
    <failure type="org.openqa.selenium.NoSuchElementException" message="Unable to locate element: .//*[@id=&amp;apos;body&amp;apos;]/div[1]/div/div[1]/form/div[3]/div/input
For documentation on this error, please visit: http://seleniumhq.org/exceptions/no_such_element.html
Build info: version: &amp;apos;3.4.0&amp;apos;, revision: &amp;apos;unknown&amp;apos;, time: &amp;apos;unknown&amp;apos;
System info: host: &amp;apos;ICT-OS-HUONGHTT&amp;apos;, ip: &amp;apos;10.61.187.146&amp;apos;, os.name: &amp;apos;Windows 7&amp;apos;, os.arch: &amp;apos;amd64&amp;apos;, os.version: &amp;apos;6.1&amp;apos;, java.version: &amp;apos;1.8.0_101&amp;apos;
Driver info: org.openqa.selenium.firefox.FirefoxDriver
Capabilities [{moz:profile=C:\Users\ICT-OS~1\AppData\Local\Temp\rust_mozprofile.2DdfZJpLYS4p, rotatable=false, timeouts={implicit=0.0, pageLoad=300000.0, script=30000.0}, pageLoadStrategy=normal, platform=ANY, specificationLevel=0.0, moz:accessibilityChecks=false, acceptInsecureCerts=false, browserVersion=54.0, platformVersion=6.1, moz:processID=8056.0, browserName=firefox, javascriptEnabled=true, platformName=windows_nt}]
Session ID: 76eda99b-0647-412d-913b-cb96eee655a3
*** Element info: {Using=xpath, value=.//*[@id=&amp;apos;body&amp;apos;]/div[1]/div/div[1]/form/div[3]/div/input}">
      <![CDATA[org.openqa.selenium.NoSuchElementException: Unable to locate element: .//*[@id='body']/div[1]/div/div[1]/form/div[3]/div/input
For documentation on this error, please visit: http://seleniumhq.org/exceptions/no_such_element.html
Build info: version: '3.4.0', revision: 'unknown', time: 'unknown'
System info: host: 'ICT-OS-HUONGHTT', ip: '10.61.187.146', os.name: 'Windows 7', os.arch: 'amd64', os.version: '6.1', java.version: '1.8.0_101'
Driver info: org.openqa.selenium.firefox.FirefoxDriver
Capabilities [{moz:profile=C:\Users\ICT-OS~1\AppData\Local\Temp\rust_mozprofile.2DdfZJpLYS4p, rotatable=false, timeouts={implicit=0.0, pageLoad=300000.0, script=30000.0}, pageLoadStrategy=normal, platform=ANY, specificationLevel=0.0, moz:accessibilityChecks=false, acceptInsecureCerts=false, browserVersion=54.0, platformVersion=6.1, moz:processID=8056.0, browserName=firefox, javascriptEnabled=true, platformName=windows_nt}]
Session ID: 76eda99b-0647-412d-913b-cb96eee655a3
*** Element info: {Using=xpath, value=.//*[@id='body']/div[1]/div/div[1]/form/div[3]/div/input}
	at org.openqa.selenium.remote.http.W3CHttpResponseCodec.createException(W3CHttpResponseCodec.java:150)
	at org.openqa.selenium.remote.http.W3CHttpResponseCodec.decode(W3CHttpResponseCodec.java:115)
	at org.openqa.selenium.remote.http.W3CHttpResponseCodec.decode(W3CHttpResponseCodec.java:45)
	at org.openqa.selenium.remote.HttpCommandExecutor.execute(HttpCommandExecutor.java:164)
	at org.openqa.selenium.remote.service.DriverCommandExecutor.execute(DriverCommandExecutor.java:82)
	at org.openqa.selenium.remote.RemoteWebDriver.execute(RemoteWebDriver.java:637)
	at org.openqa.selenium.remote.RemoteWebDriver.findElement(RemoteWebDriver.java:410)
	at org.openqa.selenium.remote.RemoteWebDriver.findElementByXPath(RemoteWebDriver.java:509)
	at org.openqa.selenium.By$ByXPath.findElement(By.java:361)
	at org.openqa.selenium.remote.RemoteWebDriver.findElement(RemoteWebDriver.java:402)
	at genneral.Method.senKey(Method.java:15)
	at login.Login.LoginValid(Login.java:57)
	at quanlyhososuckhoe.LichSuKCBTest.beforeClass(LichSuKCBTest.java:23)
... Removed 29 stack frames]]>
    </failure>
  </testcase> <!-- @BeforeClass beforeClass -->
  <testcase name="kiemTraClickNutLuuKhongChoPhepKhiThieuThongTinBatBuoc" time="0.0" classname="quanlyhososuckhoe.LichSuKCBTest">
    <skipped/>
  </testcase> <!-- kiemTraClickNutLuuKhongChoPhepKhiThieuThongTinBatBuoc -->
  <testcase name="kiemTraMauKhungKhiNhapSaiThongTinBatBuoc" time="0.0" classname="quanlyhososuckhoe.LichSuKCBTest">
    <skipped/>
  </testcase> <!-- kiemTraMauKhungKhiNhapSaiThongTinBatBuoc -->
  <testcase name="kiemTraThongBaoKhiNgayKhamKhongĐungDinhDang" time="0.0" classname="quanlyhososuckhoe.LichSuKCBTest">
    <skipped/>
  </testcase> <!-- kiemTraThongBaoKhiNgayKhamKhongĐungDinhDang -->
  <testcase name="kiemTraThongBaoKhiNgayBatDauKhongĐungDinhDang" time="0.0" classname="quanlyhososuckhoe.LichSuKCBTest">
    <skipped/>
  </testcase> <!-- kiemTraThongBaoKhiNgayBatDauKhongĐungDinhDang -->
  <testcase name="kiemTraThongBaoKhiNgayKetThucKhongĐungDinhDang" time="0.0" classname="quanlyhososuckhoe.LichSuKCBTest">
    <skipped/>
  </testcase> <!-- kiemTraThongBaoKhiNgayKetThucKhongĐungDinhDang -->
  <testcase name="themKhiNgayKhamNhoHonNgayBatDau" time="0.0" classname="quanlyhososuckhoe.LichSuKCBTest">
    <skipped/>
  </testcase> <!-- themKhiNgayKhamNhoHonNgayBatDau -->
  <testcase name="themKhiNgayBatDaulonHonNgayKetThuc" time="0.0" classname="quanlyhososuckhoe.LichSuKCBTest">
    <skipped/>
  </testcase> <!-- themKhiNgayBatDaulonHonNgayKetThuc -->
  <testcase name="themKhiNgayTaiKhamNhoHonNgayKham" time="0.0" classname="quanlyhososuckhoe.LichSuKCBTest">
    <skipped/>
  </testcase> <!-- themKhiNgayTaiKhamNhoHonNgayKham -->
  <testcase name="themVoiDieuKienHopLe" time="0.0" classname="quanlyhososuckhoe.LichSuKCBTest">
    <skipped/>
  </testcase> <!-- themVoiDieuKienHopLe -->
  <testcase name="kiemTraClickNutSuaSangMHCapNhatThongTinKCB" time="0.0" classname="quanlyhososuckhoe.LichSuKCBTest">
    <skipped/>
  </testcase> <!-- kiemTraClickNutSuaSangMHCapNhatThongTinKCB -->
  <testcase name="kiemTraThongBaoKhiNhapTenDichVuKhongNhapKetQuaMHCapNhatThongTinKCB" time="0.0" classname="quanlyhososuckhoe.LichSuKCBTest">
    <skipped/>
  </testcase> <!-- kiemTraThongBaoKhiNhapTenDichVuKhongNhapKetQuaMHCapNhatThongTinKCB -->
  <testcase name="kiemTraThongBaoKhiNhapKetQuaKhongNhapTenDichVuMHCapNhatThongTinKCB" time="0.0" classname="quanlyhososuckhoe.LichSuKCBTest">
    <skipped/>
  </testcase> <!-- kiemTraThongBaoKhiNhapKetQuaKhongNhapTenDichVuMHCapNhatThongTinKCB -->
  <testcase name="kiemTraTaoDongMoiKhiNhapDayDuTenDichVuVaKetQua" time="0.0" classname="quanlyhososuckhoe.LichSuKCBTest">
    <skipped/>
  </testcase> <!-- kiemTraTaoDongMoiKhiNhapDayDuTenDichVuVaKetQua -->
  <testcase name="kiemTraThongBaoKhiNhapTenThuocKhongNhapSoLuongMHCapNhatThongTinKCB" time="0.0" classname="quanlyhososuckhoe.LichSuKCBTest">
    <skipped/>
  </testcase> <!-- kiemTraThongBaoKhiNhapTenThuocKhongNhapSoLuongMHCapNhatThongTinKCB -->
  <testcase name="kiemTraThongBaoKhiNhapSoLuongKiTuKhacSo" time="0.0" classname="quanlyhososuckhoe.LichSuKCBTest">
    <skipped/>
  </testcase> <!-- kiemTraThongBaoKhiNhapSoLuongKiTuKhacSo -->
  <testcase name="kiemTraThongBaoKhiNhapSoLuongKhongNhapTenThuocgMHCapNhatThongTinKCB" time="0.0" classname="quanlyhososuckhoe.LichSuKCBTest">
    <skipped/>
  </testcase> <!-- kiemTraThongBaoKhiNhapSoLuongKhongNhapTenThuocgMHCapNhatThongTinKCB -->
  <testcase name="kiemTraClickNutXoaThongTinKhamChuaBenhSangMHXacNhanHanhDongXoa" time="0.0" classname="quanlyhososuckhoe.LichSuKCBTest">
    <skipped/>
  </testcase> <!-- kiemTraClickNutXoaThongTinKhamChuaBenhSangMHXacNhanHanhDongXoa -->
</testsuite> <!-- QLHSSKTest2 -->
