<?xml version="1.0" encoding="UTF-8"?>
<!-- Generated by org.testng.reporters.JUnitXMLReporter -->
<testsuite hostname="ICT-OS-HUONGHTT" ignored="0" name="QLHSSKTest3" tests="5" failures="0" timestamp="16 Aug 2017 10:32:01 GMT" time="95.69" errors="0">
  <testcase name="kiemTraNutLuuKhongChoPhepKhiBoTrongTruongBatBuoc" time="15.488" classname="quanlyhososuckhoe.TiemChungNgoaiCTTest"/>
  <testcase name="kiemTraThongBaoKhiNgayHenTiemNhoHonNgayChungNgua" time="4.933" classname="quanlyhososuckhoe.TiemChungNgoaiCTTest"/>
  <testcase name="kiemTraMauKhiCacTruowngBatBuocKhongHopLe" time="6.242" classname="quanlyhososuckhoe.TiemChungNgoaiCTTest"/>
  <testcase name="themKhiNhapDayDuThongTin" time="18.885" classname="quanlyhososuckhoe.TiemChungNgoaiCTTest"/>
  <testcase name="kiemTraThongBaoKhiNhapThongTinTruocDoDaCo" time="17.483" classname="quanlyhososuckhoe.TiemChungNgoaiCTTest"/>
</testsuite> <!-- QLHSSKTest3 -->
