<?xml version="1.0" encoding="UTF-8"?>
<!-- Generated by org.testng.reporters.JUnitXMLReporter -->
<testsuite hostname="ICT-OS-HUONGHTT" ignored="0" name="QLHoGDTest1" tests="21" failures="0" timestamp="28 Aug 2017 01:40:28 GMT" time="124.419" errors="0">
  <testcase name="themKhiNhapThieuThongTinBatBuoc" time="5.851" classname="quanlyhogiadinh.NhanKhauThemMoiTest"/>
  <testcase name="kiemTraMauKhiSaiTruongBatBuoc" time="2.132" classname="quanlyhogiadinh.NhanKhauThemMoiTest"/>
  <testcase name="kiemTraMauKhiSaiTruongKhongBatBuoc" time="0.887" classname="quanlyhogiadinh.NhanKhauThemMoiTest"/>
  <testcase name="kiemTraChucNangNutDongOBuoc1" time="0.676" classname="quanlyhogiadinh.NhanKhauThemMoiTest"/>
  <testcase name="kiemTraThongBaoNhapNgSinhNhoHon1900" time="3.424" classname="quanlyhogiadinh.NhanKhauThemMoiTest"/>
  <testcase name="kiemTraThongBaoNhapNgSinhLonHonHienTai" time="6.088" classname="quanlyhogiadinh.NhanKhauThemMoiTest"/>
  <testcase name="kiemTraNgaySinhBang1900DuocChapNhan" time="15.49" classname="quanlyhogiadinh.NhanKhauThemMoiTest"/>
  <testcase name="kiemTraThongBaoTreEmDuoi1TuoiKhongCoNgGiamHo" time="6.674" classname="quanlyhogiadinh.NhanKhauThemMoiTest"/>
  <testcase name="kiemTraThongBaoTreEmDuoi1TuoiKhongNhapQHVoiNgGiamHo" time="5.984" classname="quanlyhogiadinh.NhanKhauThemMoiTest"/>
  <testcase name="kiemTraThongBaoKhiBoTrongTruongDanToc" time="13.306" classname="quanlyhogiadinh.NhanKhauThemMoiTest"/>
  <testcase name="kiemTraThongBaoKhiBoTrongTruongQuocTich" time="0.33" classname="quanlyhogiadinh.NhanKhauThemMoiTest"/>
  <testcase name="kiemTraThongBaoKhiBoTrongTruongTonGiao" time="0.354" classname="quanlyhogiadinh.NhanKhauThemMoiTest"/>
  <testcase name="kiemTraMauKhungBoTrongDanTocQuocTichTonGiao" time="0.111" classname="quanlyhogiadinh.NhanKhauThemMoiTest"/>
  <testcase name="kiemTraNutLuuMH2KhiNhapThieuThongTin" time="0.036" classname="quanlyhogiadinh.NhanKhauThemMoiTest"/>
  <testcase name="kiemTraChucNangNutQuayLaiMH2" time="1.33" classname="quanlyhogiadinh.NhanKhauThemMoiTest"/>
  <testcase name="kiemTraChucNangNutDongMH2" time="9.531" classname="quanlyhogiadinh.NhanKhauThemMoiTest"/>
  <testcase name="kiemTraNutLuuMH2KhiNhapDayDuDuLieu" time="29.663" classname="quanlyhogiadinh.NhanKhauThemMoiTest"/>
  <testcase name="kiemTraChucNangNutXemThongTinNK" time="1.457" classname="quanlyhogiadinh.NhanKhauThemMoiTest"/>
  <testcase name="kiemTraClickNutSuaThongTinNhanKhauSangMHThemMoiHoacSuaThongTinCaNhan" time="1.669" classname="quanlyhogiadinh.NhanKhauThemMoiTest"/>
  <testcase name="kiemTraThongBaoKhiNhapThongTinBoMeLaChinhNhanKhauDangXet" time="9.172" classname="quanlyhogiadinh.NhanKhauThemMoiTest"/>
  <testcase name="kiemTraClickNutXoaThongTinNhanKhauSangMHXacNhanHanhDongXoa" time="1.019" classname="quanlyhogiadinh.NhanKhauThemMoiTest"/>
</testsuite> <!-- QLHoGDTest1 -->
