<?xml version="1.0" encoding="UTF-8"?>
<!-- Generated by org.testng.reporters.JUnitXMLReporter -->
<testsuite hostname="ICT-OS-HUONGHTT" ignored="0" name="QLHoGDTest3" tests="14" failures="0" timestamp="28 Aug 2017 01:43:19 GMT" time="109.807" errors="0">
  <testcase name="kiemTraThongBaoKhiBoTrongThongTin" time="4.428" classname="quanlyhogiadinh.NKThemVaoHK1Test"/>
  <testcase name="kiemTraThongBaoKhiBoTrongNhanKhau" time="5.761" classname="quanlyhogiadinh.NKThemVaoHK1Test"/>
  <testcase name="kiemTraMauKhungKhiBoTrongQHVoiChuHo" time="6.228" classname="quanlyhogiadinh.NKThemVaoHK1Test"/>
  <testcase name="kiemTraThongBaoKhiKhongChonQHVoiChuHo" time="3.635" classname="quanlyhogiadinh.NKThemVaoHK1Test"/>
  <testcase name="kiemTraThongBaoKhiNKDangLaChuHoCuaHoKhac" time="10.785" classname="quanlyhogiadinh.NKThemVaoHK1Test"/>
  <testcase name="themNKVaoHKKhiDangLaThanhVienCuaHoKhac" time="11.811" classname="quanlyhogiadinh.NKThemVaoHK1Test"/>
  <testcase name="themNKVaoHKKhiChuaLaThanhVienCuaHoKhac" time="26.891" classname="quanlyhogiadinh.NKThemVaoHK1Test"/>
  <testcase name="kiemTraThongBaoKhiNKDaTonTaiTrongHK" time="10.872" classname="quanlyhogiadinh.NKThemVaoHK1Test"/>
  <testcase name="kiemTraKhiClickNutSuaNKDangLaChuHoKhongChoPhepSua" time="0.644" classname="quanlyhogiadinh.NKThemVaoHK1Test"/>
  <testcase name="kiemTraKhiClickNutXoaNKDangLaChuHoKhongChoPhepXoa" time="0.596" classname="quanlyhogiadinh.NKThemVaoHK1Test"/>
  <testcase name="kiemTraThongBaoKhiClickNutSuaNKKhongLaChuHo" time="0.785" classname="quanlyhogiadinh.NKThemVaoHK1Test"/>
  <testcase name="kiemTraThongBaoKhiClickNutXoaNKKhongLaChuHo" time="6.591" classname="quanlyhogiadinh.NKThemVaoHK1Test"/>
  <testcase name="kiemTraThongBaoClickNutLuuKhiDuLieuKhongDoi" time="3.808" classname="quanlyhogiadinh.NKThemVaoHK1Test"/>
  <testcase name="kiemTraClickNutDongMHSuaSangMHQLyHK" time="6.538" classname="quanlyhogiadinh.NKThemVaoHK1Test"/>
</testsuite> <!-- QLHoGDTest3 -->
