<?xml version="1.0" encoding="UTF-8"?>
<!-- Generated by org.testng.reporters.JUnitXMLReporter -->
<testsuite hostname="ICT-OS-HUONGHTT" ignored="0" name="QLHoGDTest2" tests="11" failures="0" timestamp="28 Aug 2017 01:41:29 GMT" time="61.269" errors="0">
  <testcase name="kiemTraChucNangNutDong" time="3.586" classname="quanlyhogiadinh.HoKhauThemMoiTest"/>
  <testcase name="kiemTraNutTaoMoiHoKhauKhongChoClick" time="1.1" classname="quanlyhogiadinh.HoKhauThemMoiTest"/>
  <testcase name="kiemTraThongBaoKhiClickNutLuuKhiChuaChonChuHo" time="0.343" classname="quanlyhogiadinh.HoKhauThemMoiTest"/>
  <testcase name="kiemTraThongBaoKhiChonNKLaChuHoCuaHoKhac" time="9.997" classname="quanlyhogiadinh.HoKhauThemMoiTest"/>
  <testcase name="kiemTraThongBaoKhiChonNKDangCoQHVoiHoKhacLamChuHo" time="3.376" classname="quanlyhogiadinh.HoKhauThemMoiTest"/>
  <testcase name="kiemTraThongBaoKhiBoTrongDiaChiCuaChuHo" time="9.283" classname="quanlyhogiadinh.HoKhauThemMoiTest"/>
  <testcase name="themHKVoiNKChuaLamChuHo" time="8.183" classname="quanlyhogiadinh.HoKhauThemMoiTest"/>
  <testcase name="kiemTraClickNutTaoMoiHoKhauSangMHThemMoiHoKhau" time="3.089" classname="quanlyhogiadinh.HoKhauThemMoiTest"/>
  <testcase name="KiemTraClickNutXemChiTietVaoManHinhXemChiTiet" time="1.99" classname="quanlyhogiadinh.HoKhauThemMoiTest"/>
  <testcase name="KiemTraThongBaoKhiClickNutXoaHoKhau" time="1.832" classname="quanlyhogiadinh.HoKhauThemMoiTest"/>
  <testcase name="KiemTraClickNutSuaHoKhauVaoMHSuaHoKhau" time="2.885" classname="quanlyhogiadinh.HoKhauThemMoiTest"/>
</testsuite> <!-- QLHoGDTest2 -->
