<?xml version="1.0" encoding="UTF-8"?>
<!-- Generated by org.testng.reporters.JUnitXMLReporter -->
<testsuite hostname="ICT-OS-HUONGHTT" ignored="0" name="QLHoGDTest4" tests="3" failures="0" timestamp="28 Aug 2017 01:44:11 GMT" time="52.33" errors="0">
  <testcase name="kiemTraNutChonHoKhauKhongCHoCLickKhiNKDangLaChuHo" time="6.219" classname="quanlyhogiadinh.NKThemVaoHK2Test"/>
  <testcase name="kiemTraThongBaoKhiChuaChonQHVoiChuHo" time="18.286" classname="quanlyhogiadinh.NKThemVaoHK2Test"/>
  <testcase name="themNKvaoHKKhiNKKhongLaChuHo" time="16.476" classname="quanlyhogiadinh.NKThemVaoHK2Test"/>
</testsuite> <!-- QLHoGDTest4 -->
