<?xml version="1.0" encoding="UTF-8"?>
<!-- Generated by org.testng.reporters.JUnitXMLReporter -->
<testsuite hostname="ICT-OS-HUONGHTT" ignored="0" name="QLHSSKTest3" tests="5" failures="0" timestamp="28 Aug 2017 01:47:59 GMT" time="63.278" errors="0">
  <testcase name="kiemTraNutLuuKhongChoPhepKhiBoTrongTruongBatBuoc" time="8.14" classname="quanlyhososuckhoe.TiemChungNgoaiCTTest"/>
  <testcase name="kiemTraThongBaoKhiNgayHenTiemNhoHonNgayChungNgua" time="3.827" classname="quanlyhososuckhoe.TiemChungNgoaiCTTest"/>
  <testcase name="kiemTraMauKhiCacTruowngBatBuocKhongHopLe" time="6.096" classname="quanlyhososuckhoe.TiemChungNgoaiCTTest"/>
  <testcase name="themKhiNhapDayDuThongTin" time="16.736" classname="quanlyhososuckhoe.TiemChungNgoaiCTTest"/>
  <testcase name="kiemTraThongBaoKhiNhapThongTinTruocDoDaCo" time="17.018" classname="quanlyhososuckhoe.TiemChungNgoaiCTTest"/>
</testsuite> <!-- QLHSSKTest3 -->
