<?xml version="1.0" encoding="UTF-8"?>
<!-- Generated by org.testng.reporters.JUnitXMLReporter -->
<testsuite hostname="ICT-OS-HUONGHTT" ignored="0" name="QLHSSKTest2" tests="17" failures="0" timestamp="28 Aug 2017 01:46:56 GMT" time="99.045" errors="0">
  <testcase name="kiemTraClickNutLuuKhongChoPhepKhiThieuThongTinBatBuoc" time="5.238" classname="quanlyhososuckhoe.LichSuKCBTest"/>
  <testcase name="kiemTraMauKhungKhiNhapSaiThongTinBatBuoc" time="1.297" classname="quanlyhososuckhoe.LichSuKCBTest"/>
  <testcase name="kiemTraThongBaoKhiNgayKhamKhongĐungDinhDang" time="0.021" classname="quanlyhososuckhoe.LichSuKCBTest"/>
  <testcase name="kiemTraThongBaoKhiNgayBatDauKhongĐungDinhDang" time="0.023" classname="quanlyhososuckhoe.LichSuKCBTest"/>
  <testcase name="kiemTraThongBaoKhiNgayKetThucKhongĐungDinhDang" time="0.018" classname="quanlyhososuckhoe.LichSuKCBTest"/>
  <testcase name="themKhiNgayKhamNhoHonNgayBatDau" time="1.062" classname="quanlyhososuckhoe.LichSuKCBTest"/>
  <testcase name="themKhiNgayBatDaulonHonNgayKetThuc" time="6.611" classname="quanlyhososuckhoe.LichSuKCBTest"/>
  <testcase name="themKhiNgayTaiKhamNhoHonNgayKham" time="13.237" classname="quanlyhososuckhoe.LichSuKCBTest"/>
  <testcase name="themVoiDieuKienHopLe" time="18.745" classname="quanlyhososuckhoe.LichSuKCBTest"/>
  <testcase name="kiemTraClickNutSuaSangMHCapNhatThongTinKCB" time="0.931" classname="quanlyhososuckhoe.LichSuKCBTest"/>
  <testcase name="kiemTraThongBaoKhiNhapTenDichVuKhongNhapKetQuaMHCapNhatThongTinKCB" time="5.53" classname="quanlyhososuckhoe.LichSuKCBTest"/>
  <testcase name="kiemTraThongBaoKhiNhapKetQuaKhongNhapTenDichVuMHCapNhatThongTinKCB" time="6.472" classname="quanlyhososuckhoe.LichSuKCBTest"/>
  <testcase name="kiemTraTaoDongMoiKhiNhapDayDuTenDichVuVaKetQua" time="6.446" classname="quanlyhososuckhoe.LichSuKCBTest"/>
  <testcase name="kiemTraThongBaoKhiNhapTenThuocKhongNhapSoLuongMHCapNhatThongTinKCB" time="7.489" classname="quanlyhososuckhoe.LichSuKCBTest"/>
  <testcase name="kiemTraThongBaoKhiNhapSoLuongKiTuKhacSo" time="6.429" classname="quanlyhososuckhoe.LichSuKCBTest"/>
  <testcase name="kiemTraThongBaoKhiNhapSoLuongKhongNhapTenThuocgMHCapNhatThongTinKCB" time="0.362" classname="quanlyhososuckhoe.LichSuKCBTest"/>
  <testcase name="kiemTraClickNutXoaThongTinKhamChuaBenhSangMHXacNhanHanhDongXoa" time="7.557" classname="quanlyhososuckhoe.LichSuKCBTest"/>
</testsuite> <!-- QLHSSKTest2 -->
