<?xml version="1.0" encoding="UTF-8"?>
<!-- Generated by org.testng.reporters.JUnitXMLReporter -->
<testsuite hostname="ICT-OS-HUONGHTT" ignored="0" name="QLHSSKTest1" tests="8" failures="0" timestamp="28 Aug 2017 01:45:17 GMT" time="65.849" errors="0">
  <testcase name="kiemTraThongBaoClickNutLuuKhiChuaThayDoiThongTin" time="4.209" classname="quanlyhososuckhoe.HSSucKhoeTaoLapTest"/>
  <testcase name="kiemTraThongBaoKhiNgayKhamLonHonNgayHienTai" time="6.001" classname="quanlyhososuckhoe.HSSucKhoeTaoLapTest"/>
  <testcase name="kiemTraThongBaoKhiNgayHenTaiKhamNhoHonNgayKham" time="6.538" classname="quanlyhososuckhoe.HSSucKhoeTaoLapTest"/>
  <testcase name="kiemTraMauKhungKhiBoTrongTruongBatBuoc" time="6.011" classname="quanlyhososuckhoe.HSSucKhoeTaoLapTest"/>
  <testcase name="kiemTraNutLuuKhongDuocClickKhiThieuTruongBatBuoc" time="0.076" classname="quanlyhososuckhoe.HSSucKhoeTaoLapTest"/>
  <testcase name="lapHSSucKhoeVoiThongTinHopLe" time="28.547" classname="quanlyhososuckhoe.HSSucKhoeTaoLapTest"/>
  <testcase name="kiemTraNutXoaSauKhiDaLapHoSo" time="3.707" classname="quanlyhososuckhoe.HSSucKhoeTaoLapTest"/>
  <testcase name="kiemTraNutDongMHTaoLapHoSo" time="0.653" classname="quanlyhososuckhoe.HSSucKhoeTaoLapTest"/>
</testsuite> <!-- QLHSSKTest1 -->
