<?xml version="1.0" encoding="UTF-8"?>
<testsuite xmlns:xsi="http://www.w3.org/2001/XMLSchema-instance" xsi:schemaLocation="https://maven.apache.org/surefire/maven-surefire-plugin/xsd/surefire-test-report.xsd" name="TestSuite" time="731.691" tests="82" errors="0" skipped="0" failures="0">
  <properties>
[...]
</properties>
  <testcase name="them01" classname="themdulieu.NhanKhauThemTest" time="101.495"/>
  <testcase name="them01" classname="themdulieu.HoKhauThemTest" time="13.055"/>
  <testcase name="them02" classname="themdulieu.HoKhauThemTest" time="17.802"/>
  <testcase name="themKhiNhapThieuThongTinBatBuoc" classname="quanlyhogiadinh.NhanKhauThemMoiTest" time="5.847"/>
  <testcase name="kiemTraMauKhiSaiTruongBatBuoc" classname="quanlyhogiadinh.NhanKhauThemMoiTest" time="2.132"/>
  <testcase name="kiemTraMauKhiSaiTruongKhongBatBuoc" classname="quanlyhogiadinh.NhanKhauThemMoiTest" time="0.886"/>
  <testcase name="kiemTraChucNangNutDongOBuoc1" classname="quanlyhogiadinh.NhanKhauThemMoiTest" time="0.676"/>
  <testcase name="kiemTraThongBaoNhapNgSinhNhoHon1900" classname="quanlyhogiadinh.NhanKhauThemMoiTest" time="3.425"/>
  <testcase name="kiemTraThongBaoNhapNgSinhLonHonHienTai" classname="quanlyhogiadinh.NhanKhauThemMoiTest" time="6.089"/>
  <testcase name="kiemTraNgaySinhBang1900DuocChapNhan" classname="quanlyhogiadinh.NhanKhauThemMoiTest" time="15.489"/>
  <testcase name="kiemTraThongBaoTreEmDuoi1TuoiKhongCoNgGiamHo" classname="quanlyhogiadinh.NhanKhauThemMoiTest" time="6.674"/>
  <testcase name="kiemTraThongBaoTreEmDuoi1TuoiKhongNhapQHVoiNgGiamHo" classname="quanlyhogiadinh.NhanKhauThemMoiTest" time="5.991"/>
  <testcase name="kiemTraThongBaoKhiBoTrongTruongDanToc" classname="quanlyhogiadinh.NhanKhauThemMoiTest" time="13.298"/>
  <testcase name="kiemTraThongBaoKhiBoTrongTruongQuocTich" classname="quanlyhogiadinh.NhanKhauThemMoiTest" time="0.331"/>
  <testcase name="kiemTraThongBaoKhiBoTrongTruongTonGiao" classname="quanlyhogiadinh.NhanKhauThemMoiTest" time="0.361"/>
  <testcase name="kiemTraMauKhungBoTrongDanTocQuocTichTonGiao" classname="quanlyhogiadinh.NhanKhauThemMoiTest" time="0.105"/>
  <testcase name="kiemTraNutLuuMH2KhiNhapThieuThongTin" classname="quanlyhogiadinh.NhanKhauThemMoiTest" time="0.036"/>
  <testcase name="kiemTraChucNangNutQuayLaiMH2" classname="quanlyhogiadinh.NhanKhauThemMoiTest" time="1.331"/>
  <testcase name="kiemTraChucNangNutDongMH2" classname="quanlyhogiadinh.NhanKhauThemMoiTest" time="9.532"/>
  <testcase name="kiemTraNutLuuMH2KhiNhapDayDuDuLieu" classname="quanlyhogiadinh.NhanKhauThemMoiTest" time="29.665"/>
  <testcase name="kiemTraChucNangNutXemThongTinNK" classname="quanlyhogiadinh.NhanKhauThemMoiTest" time="1.455"/>
  <testcase name="kiemTraClickNutSuaThongTinNhanKhauSangMHThemMoiHoacSuaThongTinCaNhan" classname="quanlyhogiadinh.NhanKhauThemMoiTest" time="1.672"/>
  <testcase name="kiemTraThongBaoKhiNhapThongTinBoMeLaChinhNhanKhauDangXet" classname="quanlyhogiadinh.NhanKhauThemMoiTest" time="9.169"/>
  <testcase name="kiemTraClickNutXoaThongTinNhanKhauSangMHXacNhanHanhDongXoa" classname="quanlyhogiadinh.NhanKhauThemMoiTest" time="1.019"/>
  <testcase name="kiemTraChucNangNutDong" classname="quanlyhogiadinh.HoKhauThemMoiTest" time="3.58"/>
  <testcase name="kiemTraNutTaoMoiHoKhauKhongChoClick" classname="quanlyhogiadinh.HoKhauThemMoiTest" time="1.1"/>
  <testcase name="kiemTraThongBaoKhiClickNutLuuKhiChuaChonChuHo" classname="quanlyhogiadinh.HoKhauThemMoiTest" time="0.346"/>
  <testcase name="kiemTraThongBaoKhiChonNKLaChuHoCuaHoKhac" classname="quanlyhogiadinh.HoKhauThemMoiTest" time="9.995"/>
  <testcase name="kiemTraThongBaoKhiChonNKDangCoQHVoiHoKhacLamChuHo" classname="quanlyhogiadinh.HoKhauThemMoiTest" time="3.376"/>
  <testcase name="kiemTraThongBaoKhiBoTrongDiaChiCuaChuHo" classname="quanlyhogiadinh.HoKhauThemMoiTest" time="9.282"/>
  <testcase name="themHKVoiNKChuaLamChuHo" classname="quanlyhogiadinh.HoKhauThemMoiTest" time="8.184"/>
  <testcase name="kiemTraClickNutTaoMoiHoKhauSangMHThemMoiHoKhau" classname="quanlyhogiadinh.HoKhauThemMoiTest" time="3.092"/>
  <testcase name="KiemTraClickNutXemChiTietVaoManHinhXemChiTiet" classname="quanlyhogiadinh.HoKhauThemMoiTest" time="1.985"/>
  <testcase name="KiemTraThongBaoKhiClickNutXoaHoKhau" classname="quanlyhogiadinh.HoKhauThemMoiTest" time="1.834"/>
  <testcase name="KiemTraClickNutSuaHoKhauVaoMHSuaHoKhau" classname="quanlyhogiadinh.HoKhauThemMoiTest" time="2.884"/>
  <testcase name="kiemTraThongBaoKhiBoTrongThongTin" classname="quanlyhogiadinh.NKThemVaoHK1Test" time="4.423"/>
  <testcase name="kiemTraThongBaoKhiBoTrongNhanKhau" classname="quanlyhogiadinh.NKThemVaoHK1Test" time="5.762"/>
  <testcase name="kiemTraMauKhungKhiBoTrongQHVoiChuHo" classname="quanlyhogiadinh.NKThemVaoHK1Test" time="6.228"/>
  <testcase name="kiemTraThongBaoKhiKhongChonQHVoiChuHo" classname="quanlyhogiadinh.NKThemVaoHK1Test" time="3.635"/>
  <testcase name="kiemTraThongBaoKhiNKDangLaChuHoCuaHoKhac" classname="quanlyhogiadinh.NKThemVaoHK1Test" time="10.786"/>
  <testcase name="themNKVaoHKKhiDangLaThanhVienCuaHoKhac" classname="quanlyhogiadinh.NKThemVaoHK1Test" time="11.813"/>
  <testcase name="themNKVaoHKKhiChuaLaThanhVienCuaHoKhac" classname="quanlyhogiadinh.NKThemVaoHK1Test" time="26.89"/>
  <testcase name="kiemTraThongBaoKhiNKDaTonTaiTrongHK" classname="quanlyhogiadinh.NKThemVaoHK1Test" time="10.872"/>
  <testcase name="kiemTraKhiClickNutSuaNKDangLaChuHoKhongChoPhepSua" classname="quanlyhogiadinh.NKThemVaoHK1Test" time="0.644"/>
  <testcase name="kiemTraKhiClickNutXoaNKDangLaChuHoKhongChoPhepXoa" classname="quanlyhogiadinh.NKThemVaoHK1Test" time="0.597"/>
  <testcase name="kiemTraThongBaoKhiClickNutSuaNKKhongLaChuHo" classname="quanlyhogiadinh.NKThemVaoHK1Test" time="0.784"/>
  <testcase name="kiemTraThongBaoKhiClickNutXoaNKKhongLaChuHo" classname="quanlyhogiadinh.NKThemVaoHK1Test" time="6.591"/>
  <testcase name="kiemTraThongBaoClickNutLuuKhiDuLieuKhongDoi" classname="quanlyhogiadinh.NKThemVaoHK1Test" time="3.809"/>
  <testcase name="kiemTraClickNutDongMHSuaSangMHQLyHK" classname="quanlyhogiadinh.NKThemVaoHK1Test" time="6.537"/>
  <testcase name="kiemTraNutChonHoKhauKhongCHoCLickKhiNKDangLaChuHo" classname="quanlyhogiadinh.NKThemVaoHK2Test" time="6.217"/>
  <testcase name="kiemTraThongBaoKhiChuaChonQHVoiChuHo" classname="quanlyhogiadinh.NKThemVaoHK2Test" time="18.291"/>
  <testcase name="themNKvaoHKKhiNKKhongLaChuHo" classname="quanlyhogiadinh.NKThemVaoHK2Test" time="16.467"/>
  <testcase name="kiemTraThongBaoClickNutLuuKhiChuaThayDoiThongTin" classname="quanlyhososuckhoe.HSSucKhoeTaoLapTest" time="4.216"/>
  <testcase name="kiemTraThongBaoKhiNgayKhamLonHonNgayHienTai" classname="quanlyhososuckhoe.HSSucKhoeTaoLapTest" time="5.993"/>
  <testcase name="kiemTraThongBaoKhiNgayHenTaiKhamNhoHonNgayKham" classname="quanlyhososuckhoe.HSSucKhoeTaoLapTest" time="6.537"/>
  <testcase name="kiemTraMauKhungKhiBoTrongTruongBatBuoc" classname="quanlyhososuckhoe.HSSucKhoeTaoLapTest" time="6.012"/>
  <testcase name="kiemTraNutLuuKhongDuocClickKhiThieuTruongBatBuoc" classname="quanlyhososuckhoe.HSSucKhoeTaoLapTest" time="0.084"/>
  <testcase name="lapHSSucKhoeVoiThongTinHopLe" classname="quanlyhososuckhoe.HSSucKhoeTaoLapTest" time="28.54"/>
  <testcase name="kiemTraNutXoaSauKhiDaLapHoSo" classname="quanlyhososuckhoe.HSSucKhoeTaoLapTest" time="3.706"/>
  <testcase name="kiemTraNutDongMHTaoLapHoSo" classname="quanlyhososuckhoe.HSSucKhoeTaoLapTest" time="0.658"/>
  <testcase name="kiemTraClickNutLuuKhongChoPhepKhiThieuThongTinBatBuoc" classname="quanlyhososuckhoe.LichSuKCBTest" time="5.216"/>
  <testcase name="kiemTraMauKhungKhiNhapSaiThongTinBatBuoc" classname="quanlyhososuckhoe.LichSuKCBTest" time="1.297"/>
  <testcase name="kiemTraThongBaoKhiNgayKhamKhongĐungDinhDang" classname="quanlyhososuckhoe.LichSuKCBTest" time="0.025"/>
  <testcase name="kiemTraThongBaoKhiNgayBatDauKhongĐungDinhDang" classname="quanlyhososuckhoe.LichSuKCBTest" time="0.019"/>
  <testcase name="kiemTraThongBaoKhiNgayKetThucKhongĐungDinhDang" classname="quanlyhososuckhoe.LichSuKCBTest" time="0.018"/>
  <testcase name="themKhiNgayKhamNhoHonNgayBatDau" classname="quanlyhososuckhoe.LichSuKCBTest" time="1.068"/>
  <testcase name="themKhiNgayBatDaulonHonNgayKetThuc" classname="quanlyhososuckhoe.LichSuKCBTest" time="6.607"/>
  <testcase name="themKhiNgayTaiKhamNhoHonNgayKham" classname="quanlyhososuckhoe.LichSuKCBTest" time="13.237"/>
  <testcase name="themVoiDieuKienHopLe" classname="quanlyhososuckhoe.LichSuKCBTest" time="18.745"/>
  <testcase name="kiemTraClickNutSuaSangMHCapNhatThongTinKCB" classname="quanlyhososuckhoe.LichSuKCBTest" time="0.932"/>
  <testcase name="kiemTraThongBaoKhiNhapTenDichVuKhongNhapKetQuaMHCapNhatThongTinKCB" classname="quanlyhososuckhoe.LichSuKCBTest" time="5.53"/>
  <testcase name="kiemTraThongBaoKhiNhapKetQuaKhongNhapTenDichVuMHCapNhatThongTinKCB" classname="quanlyhososuckhoe.LichSuKCBTest" time="6.472"/>
  <testcase name="kiemTraTaoDongMoiKhiNhapDayDuTenDichVuVaKetQua" classname="quanlyhososuckhoe.LichSuKCBTest" time="6.446"/>
  <testcase name="kiemTraThongBaoKhiNhapTenThuocKhongNhapSoLuongMHCapNhatThongTinKCB" classname="quanlyhososuckhoe.LichSuKCBTest" time="7.497"/>
  <testcase name="kiemTraThongBaoKhiNhapSoLuongKiTuKhacSo" classname="quanlyhososuckhoe.LichSuKCBTest" time="6.428"/>
  <testcase name="kiemTraThongBaoKhiNhapSoLuongKhongNhapTenThuocgMHCapNhatThongTinKCB" classname="quanlyhososuckhoe.LichSuKCBTest" time="0.362"/>
  <testcase name="kiemTraClickNutXoaThongTinKhamChuaBenhSangMHXacNhanHanhDongXoa" classname="quanlyhososuckhoe.LichSuKCBTest" time="7.556"/>
  <testcase name="kiemTraNutLuuKhongChoPhepKhiBoTrongTruongBatBuoc" classname="quanlyhososuckhoe.TiemChungNgoaiCTTest" time="8.138"/>
  <testcase name="kiemTraThongBaoKhiNgayHenTiemNhoHonNgayChungNgua" classname="quanlyhososuckhoe.TiemChungNgoaiCTTest" time="3.827"/>
  <testcase name="kiemTraMauKhiCacTruowngBatBuocKhongHopLe" classname="quanlyhososuckhoe.TiemChungNgoaiCTTest" time="6.097"/>
  <testcase name="themKhiNhapDayDuThongTin" classname="quanlyhososuckhoe.TiemChungNgoaiCTTest" time="16.735"/>
  <testcase name="kiemTraThongBaoKhiNhapThongTinTruocDoDaCo" classname="quanlyhososuckhoe.TiemChungNgoaiCTTest" time="17.018"/>
</testsuite>