<?xml version="1.0" encoding="UTF-8"?>
<testng-results skipped="0" failed="0" ignored="0" total="1" passed="1">
  <reporter-output>
  </reporter-output>
  <suite name="Default suite" duration-ms="47026" started-at="2017-09-01T06:57:27Z" finished-at="2017-09-01T06:58:14Z">
    <groups>
    </groups>
    <test name="Default test" duration-ms="47026" started-at="2017-09-01T06:57:27Z" finished-at="2017-09-01T06:58:14Z">
      <class name="quanlyhososuckhoe.LichSuKCBTest">
        <test-method status="PASS" signature="beforeClass()[pri:0, instance:quanlyhososuckhoe.LichSuKCBTest@53b32d7]" name="beforeClass" is-config="true" duration-ms="19163" started-at="2017-09-01T13:57:27Z" finished-at="2017-09-01T13:57:46Z">
          <reporter-output>
          </reporter-output>
        </test-method> <!-- beforeClass -->
        <test-method status="PASS" signature="themVoiDieuKienHopLe()[pri:8, instance:quanlyhososuckhoe.LichSuKCBTest@53b32d7]" name="themVoiDieuKienHopLe" duration-ms="27840" started-at="2017-09-01T13:57:46Z" finished-at="2017-09-01T13:58:14Z">
          <reporter-output>
          </reporter-output>
        </test-method> <!-- themVoiDieuKienHopLe -->
      </class> <!-- quanlyhososuckhoe.LichSuKCBTest -->
    </test> <!-- Default test -->
  </suite> <!-- Default suite -->
</testng-results>
